#
# There is insufficient memory for the Java Runtime Environment to continue.
# Native memory allocation (malloc) failed to allocate 1048576 bytes for AllocateHeap
# Possible reasons:
#   The system is out of physical RAM or swap space
#   The process is running with CompressedOops enabled, and the Java Heap may be blocking the growth of the native heap
# Possible solutions:
#   Reduce memory load on the system
#   Increase physical memory or swap space
#   Check if swap backing store is full
#   Decrease Java heap size (-Xmx/-Xms)
#   Decrease number of Java threads
#   Decrease Java thread stack sizes (-Xss)
#   Set larger code cache with -XX:ReservedCodeCacheSize=
#   JVM is running with Unscaled Compressed Oops mode in which the Java heap is
#     placed in the first 4GB address space. The Java Heap base address is the
#     maximum limit for the native heap growth. Please use -XX:HeapBaseMinAddress
#     to set the Java Heap base and to place the Java Heap above 4GB virtual address.
# This output file may be truncated or incomplete.
#
#  Out of Memory Error (allocation.cpp:44), pid=9368, tid=7492
#
# JRE version:  (17.0.10+7) (build )
# Java VM: OpenJDK 64-Bit Server VM (17.0.10+7, mixed mode, tiered, compressed oops, compressed class ptrs, parallel gc, windows-amd64)
# No core dump will be written. Minidumps are not enabled by default on client versions of Windows
#

---------------  S U M M A R Y ------------

Command Line: --add-modules=ALL-SYSTEM --add-opens=java.base/java.util=ALL-UNNAMED --add-opens=java.base/java.lang=ALL-UNNAMED --add-opens=java.base/sun.nio.fs=ALL-UNNAMED -Declipse.application=org.eclipse.jdt.ls.core.id1 -Dosgi.bundles.defaultStartLevel=4 -Declipse.product=org.eclipse.jdt.ls.core.product -Djava.import.generatesMetadataFilesAtProjectRoot=false -DDetectVMInstallationsJob.disabled=true -Dfile.encoding=utf8 -XX:+UseParallelGC -XX:GCTimeRatio=4 -XX:AdaptiveSizePolicyWeight=90 -Dsun.zip.disableMemoryMapping=true -Xmx1G -Xms100m -Xlog:disable -javaagent:c:\Users\Cevallos\.vscode\extensions\redhat.java-1.30.0-win32-x64\lombok\lombok-1.18.32.jar -XX:+HeapDumpOnOutOfMemoryError -XX:HeapDumpPath=c:\Users\Cevallos\AppData\Roaming\Code\User\workspaceStorage\ec98cd21d603c8367fa994dc1a2572ba\redhat.java -Daether.dependencyCollector.impl=bf c:\Users\Cevallos\.vscode\extensions\redhat.java-1.30.0-win32-x64\server\plugins\org.eclipse.equinox.launcher_1.6.800.v20240330-1250.jar -configuration c:\Users\Cevallos\AppData\Roaming\Code\User\globalStorage\redhat.java\1.30.0\config_win -data c:\Users\Cevallos\AppData\Roaming\Code\User\workspaceStorage\ec98cd21d603c8367fa994dc1a2572ba\redhat.java\jdt_ws --pipe=\\.\pipe\lsp-4b4805af32ce65acf10b21c5e048930a-sock

Host: Intel(R) Core(TM) i5-6500 CPU @ 3.20GHz, 4 cores, 7G,  Windows 10 , 64 bit Build 19041 (10.0.19041.3636)
Time: Thu May 16 18:50:04 2024 Hora est. Pacífico, Sudamérica elapsed time: 0.090571 seconds (0d 0h 0m 0s)

---------------  T H R E A D  ---------------

Current thread (0x0000029220050dc0):  JavaThread "Unknown thread" [_thread_in_vm, id=7492, stack(0x000000ebac200000,0x000000ebac300000)]

Stack: [0x000000ebac200000,0x000000ebac300000]
Native frames: (J=compiled Java code, j=interpreted, Vv=VM code, C=native code)
V  [jvm.dll+0x67d2c9]
V  [jvm.dll+0x834afa]
V  [jvm.dll+0x8365be]
V  [jvm.dll+0x836c23]
V  [jvm.dll+0x2477ff]
V  [jvm.dll+0xa6c93]
V  [jvm.dll+0x6aff76]
V  [jvm.dll+0x6b0b4f]
V  [jvm.dll+0x689a43]
V  [jvm.dll+0x806a7b]
V  [jvm.dll+0x36c774]
V  [jvm.dll+0x7e4e06]
V  [jvm.dll+0x3eff3f]
V  [jvm.dll+0x3f1b71]
C  [jli.dll+0x528f]
C  [ucrtbase.dll+0x21bb2]
C  [KERNEL32.DLL+0x17344]
C  [ntdll.dll+0x526b1]


---------------  P R O C E S S  ---------------

Threads class SMR info:
_java_thread_list=0x00007ffc51bdee98, length=0, elements={
}

Java Threads: ( => current thread )

Other Threads:
  0x00000292200602a0 GCTaskThread "GC Thread#0" [stack: 0x000000ebac300000,0x000000ebac400000] [id=9340]

=>0x0000029220050dc0 (exited) JavaThread "Unknown thread" [_thread_in_vm, id=7492, stack(0x000000ebac200000,0x000000ebac300000)]

Threads with active compile tasks:

VM state: not at safepoint (normal execution)

VM Mutex/Monitor currently owned by a thread: None

Heap address: 0x00000000c0000000, size: 1024 MB, Compressed Oops mode: 32-bit

CDS archive(s) not mapped
Compressed class space mapped at: 0x0000000100000000-0x0000000140000000, reserved size: 1073741824
Narrow klass base: 0x0000000000000000, Narrow klass shift: 3, Narrow klass range: 0x140000000

GC Precious Log:
 CPUs: 4 total, 4 available
 Memory: 8076M
 Large Page Support: Disabled
 NUMA Support: Disabled
 Compressed Oops: Enabled (32-bit)
 Alignments: Space 512K, Generation 512K, Heap 2M
 Heap Min Capacity: 100M
 Heap Initial Capacity: 100M
 Heap Max Capacity: 1G
 Pre-touch: Disabled
 Parallel Workers: 4

Heap:
 PSYoungGen      total 29696K, used 512K [0x00000000eab00000, 0x00000000ecc00000, 0x0000000100000000)
  eden space 25600K, 2% used [0x00000000eab00000,0x00000000eab80070,0x00000000ec400000)
  from space 4096K, 0% used [0x00000000ec800000,0x00000000ec800000,0x00000000ecc00000)
  to   space 4096K, 0% used [0x00000000ec400000,0x00000000ec400000,0x00000000ec800000)
 ParOldGen       total 68608K, used 0K [0x00000000c0000000, 0x00000000c4300000, 0x00000000eab00000)
  object space 68608K, 0% used [0x00000000c0000000,0x00000000c0000000,0x00000000c4300000)
 Metaspace       used 1149K, committed 1216K, reserved 1114112K
  class space    used 101K, committed 128K, reserved 1048576K

Card table byte_map: [0x000002921f9f0000,0x000002921fc00000] _byte_map_base: 0x000002921f3f0000

Marking Bits: (ParMarkBitMap*) 0x00007ffc51c4d7d0
 Begin Bits: [0x0000029231cf0000, 0x0000029232cf0000)
 End Bits:   [0x0000029232cf0000, 0x0000029233cf0000)

Polling page: 0x000002921df00000

Metaspace:

Usage:
  Non-class:      1.02 MB used.
      Class:    101.05 KB used.
       Both:      1.12 MB used.

Virtual space:
  Non-class space:       64.00 MB reserved,       1.06 MB (  2%) committed,  1 nodes.
      Class space:        1.00 GB reserved,     128.00 KB ( <1%) committed,  1 nodes.
             Both:        1.06 GB reserved,       1.19 MB ( <1%) committed. 

Chunk freelists:
   Non-Class:  12.00 MB
       Class:  15.75 MB
        Both:  27.75 MB

MaxMetaspaceSize: unlimited
CompressedClassSpaceSize: 1.00 GB
Initial GC threshold: 21.00 MB
Current GC threshold: 17179869184.00 GB
CDS: off
MetaspaceReclaimPolicy: balanced
 - commit_granule_bytes: 65536.
 - commit_granule_words: 8192.
 - virtual_space_node_default_size: 8388608.
 - enlarge_chunks_in_place: 1.
 - new_chunks_are_fully_committed: 0.
 - uncommit_free_chunks: 1.
 - use_allocation_guard: 0.
 - handle_deallocations: 1.


Internal statistics:

num_allocs_failed_limit: 0.
num_arena_births: 2.
num_arena_deaths: 0.
num_vsnodes_births: 2.
num_vsnodes_deaths: 0.
num_space_committed: 19.
num_space_uncommitted: 0.
num_chunks_returned_to_freelist: 0.
num_chunks_taken_from_freelist: 3.
num_chunk_merges: 0.
num_chunk_splits: 2.
num_chunks_enlarged: 0.
num_inconsistent_stats: 0.

CodeHeap 'non-profiled nmethods': size=120000Kb used=0Kb max_used=0Kb free=120000Kb
 bounds [0x000002922a7c0000, 0x000002922aa30000, 0x0000029231cf0000]
CodeHeap 'profiled nmethods': size=120000Kb used=0Kb max_used=0Kb free=120000Kb
 bounds [0x0000029222cf0000, 0x0000029222f60000, 0x000002922a220000]
CodeHeap 'non-nmethods': size=5760Kb used=202Kb max_used=353Kb free=5557Kb
 bounds [0x000002922a220000, 0x000002922a490000, 0x000002922a7c0000]
 total_blobs=66 nmethods=0 adapters=47
 compilation: enabled
              stopped_count=0, restarted_count=0
 full_count=0

Compilation events (0 events):
No events

GC Heap History (0 events):
No events

Dll operation events (1 events):
Event: 0.021 Loaded shared library c:\Users\Cevallos\.vscode\extensions\redhat.java-1.30.0-win32-x64\jre\17.0.10-win32-x86_64\bin\java.dll

Deoptimization events (0 events):
No events

Classes unloaded (0 events):
No events

Classes redefined (0 events):
No events

Internal exceptions (0 events):
No events

VM Operations (0 events):
No events

Events (20 events):
Event: 0.071 loading class java/lang/Long
Event: 0.072 loading class java/lang/Long done
Event: 0.072 loading class java/util/Iterator
Event: 0.072 loading class java/util/Iterator done
Event: 0.072 loading class java/lang/reflect/RecordComponent
Event: 0.072 loading class java/lang/reflect/RecordComponent done
Event: 0.072 loading class jdk/internal/vm/vector/VectorSupport
Event: 0.072 loading class jdk/internal/vm/vector/VectorSupport done
Event: 0.072 loading class jdk/internal/vm/vector/VectorSupport$VectorPayload
Event: 0.072 loading class jdk/internal/vm/vector/VectorSupport$VectorPayload done
Event: 0.072 loading class jdk/internal/vm/vector/VectorSupport$Vector
Event: 0.072 loading class jdk/internal/vm/vector/VectorSupport$Vector done
Event: 0.072 loading class jdk/internal/vm/vector/VectorSupport$VectorMask
Event: 0.072 loading class jdk/internal/vm/vector/VectorSupport$VectorMask done
Event: 0.072 loading class jdk/internal/vm/vector/VectorSupport$VectorShuffle
Event: 0.073 loading class jdk/internal/vm/vector/VectorSupport$VectorShuffle done
Event: 0.077 loading class java/lang/NullPointerException
Event: 0.078 loading class java/lang/NullPointerException done
Event: 0.078 loading class java/lang/ArithmeticException
Event: 0.078 loading class java/lang/ArithmeticException done


Dynamic libraries:
0x00007ff7001d0000 - 0x00007ff7001de000 	c:\Users\Cevallos\.vscode\extensions\redhat.java-1.30.0-win32-x64\jre\17.0.10-win32-x86_64\bin\java.exe
0x00007ffc8d8b0000 - 0x00007ffc8daa8000 	C:\Windows\SYSTEM32\ntdll.dll
0x00007ffc8cd60000 - 0x00007ffc8ce1d000 	C:\Windows\System32\KERNEL32.DLL
0x00007ffc8b400000 - 0x00007ffc8b6f6000 	C:\Windows\System32\KERNELBASE.dll
0x00007ffc8b750000 - 0x00007ffc8b850000 	C:\Windows\System32\ucrtbase.dll
0x00007ffc85c20000 - 0x00007ffc85c37000 	c:\Users\Cevallos\.vscode\extensions\redhat.java-1.30.0-win32-x64\jre\17.0.10-win32-x86_64\bin\jli.dll
0x00007ffc8ced0000 - 0x00007ffc8d06f000 	C:\Windows\System32\USER32.dll
0x00007ffc8b290000 - 0x00007ffc8b2b2000 	C:\Windows\System32\win32u.dll
0x00007ffc8d070000 - 0x00007ffc8d09b000 	C:\Windows\System32\GDI32.dll
0x00007ffc8b170000 - 0x00007ffc8b287000 	C:\Windows\System32\gdi32full.dll
0x00007ffc8b330000 - 0x00007ffc8b3cd000 	C:\Windows\System32\msvcp_win.dll
0x00007ffc84310000 - 0x00007ffc8432b000 	c:\Users\Cevallos\.vscode\extensions\redhat.java-1.30.0-win32-x64\jre\17.0.10-win32-x86_64\bin\VCRUNTIME140.dll
0x00007ffc76bb0000 - 0x00007ffc76e4a000 	C:\Windows\WinSxS\amd64_microsoft.windows.common-controls_6595b64144ccf1df_6.0.19041.4355_none_60b8b9eb71f62e16\COMCTL32.dll
0x00007ffc8d7d0000 - 0x00007ffc8d86e000 	C:\Windows\System32\msvcrt.dll
0x00007ffc8b9f0000 - 0x00007ffc8ba22000 	C:\Windows\System32\IMM32.DLL
0x00007ffc86a90000 - 0x00007ffc86a9c000 	c:\Users\Cevallos\.vscode\extensions\redhat.java-1.30.0-win32-x64\jre\17.0.10-win32-x86_64\bin\vcruntime140_1.dll
0x00007ffc5a0c0000 - 0x00007ffc5a14d000 	c:\Users\Cevallos\.vscode\extensions\redhat.java-1.30.0-win32-x64\jre\17.0.10-win32-x86_64\bin\msvcp140.dll
0x00007ffc510b0000 - 0x00007ffc51d12000 	c:\Users\Cevallos\.vscode\extensions\redhat.java-1.30.0-win32-x64\jre\17.0.10-win32-x86_64\bin\server\jvm.dll
0x00007ffc8ce20000 - 0x00007ffc8ced0000 	C:\Windows\System32\ADVAPI32.dll
0x00007ffc8d3d0000 - 0x00007ffc8d470000 	C:\Windows\System32\sechost.dll
0x00007ffc8ba30000 - 0x00007ffc8bb53000 	C:\Windows\System32\RPCRT4.dll
0x00007ffc8b3d0000 - 0x00007ffc8b3f7000 	C:\Windows\System32\bcrypt.dll
0x00007ffc8a8e0000 - 0x00007ffc8a92b000 	C:\Windows\SYSTEM32\POWRPROF.dll
0x00007ffc72540000 - 0x00007ffc72549000 	C:\Windows\SYSTEM32\WSOCK32.dll
0x00007ffc8c6c0000 - 0x00007ffc8c72b000 	C:\Windows\System32\WS2_32.dll
0x00007ffc78e90000 - 0x00007ffc78eb7000 	C:\Windows\SYSTEM32\WINMM.dll
0x00007ffc80790000 - 0x00007ffc8079a000 	C:\Windows\SYSTEM32\VERSION.dll
0x00007ffc8a8c0000 - 0x00007ffc8a8d2000 	C:\Windows\SYSTEM32\UMPDC.dll
0x00007ffc88e00000 - 0x00007ffc88e12000 	C:\Windows\SYSTEM32\kernel.appcore.dll
0x00007ffc857f0000 - 0x00007ffc857fa000 	c:\Users\Cevallos\.vscode\extensions\redhat.java-1.30.0-win32-x64\jre\17.0.10-win32-x86_64\bin\jimage.dll
0x00007ffc6a080000 - 0x00007ffc6a264000 	C:\Windows\SYSTEM32\DBGHELP.DLL
0x00007ffc6a3a0000 - 0x00007ffc6a3d4000 	C:\Windows\SYSTEM32\dbgcore.DLL
0x00007ffc8b850000 - 0x00007ffc8b8d2000 	C:\Windows\System32\bcryptPrimitives.dll
0x00007ffc84ad0000 - 0x00007ffc84ade000 	c:\Users\Cevallos\.vscode\extensions\redhat.java-1.30.0-win32-x64\jre\17.0.10-win32-x86_64\bin\instrument.dll
0x00007ffc7c360000 - 0x00007ffc7c385000 	c:\Users\Cevallos\.vscode\extensions\redhat.java-1.30.0-win32-x64\jre\17.0.10-win32-x86_64\bin\java.dll
0x00007ffc7cae0000 - 0x00007ffc7caf8000 	c:\Users\Cevallos\.vscode\extensions\redhat.java-1.30.0-win32-x64\jre\17.0.10-win32-x86_64\bin\zip.dll

dbghelp: loaded successfully - version: 4.0.5 - missing functions: none
symbol engine: initialized successfully - sym options: 0x614 - pdb path: .;c:\Users\Cevallos\.vscode\extensions\redhat.java-1.30.0-win32-x64\jre\17.0.10-win32-x86_64\bin;C:\Windows\SYSTEM32;C:\Windows\WinSxS\amd64_microsoft.windows.common-controls_6595b64144ccf1df_6.0.19041.4355_none_60b8b9eb71f62e16;c:\Users\Cevallos\.vscode\extensions\redhat.java-1.30.0-win32-x64\jre\17.0.10-win32-x86_64\bin\server

VM Arguments:
jvm_args: --add-modules=ALL-SYSTEM --add-opens=java.base/java.util=ALL-UNNAMED --add-opens=java.base/java.lang=ALL-UNNAMED --add-opens=java.base/sun.nio.fs=ALL-UNNAMED -Declipse.application=org.eclipse.jdt.ls.core.id1 -Dosgi.bundles.defaultStartLevel=4 -Declipse.product=org.eclipse.jdt.ls.core.product -Djava.import.generatesMetadataFilesAtProjectRoot=false -DDetectVMInstallationsJob.disabled=true -Dfile.encoding=utf8 -XX:+UseParallelGC -XX:GCTimeRatio=4 -XX:AdaptiveSizePolicyWeight=90 -Dsun.zip.disableMemoryMapping=true -Xmx1G -Xms100m -Xlog:disable -javaagent:c:\Users\Cevallos\.vscode\extensions\redhat.java-1.30.0-win32-x64\lombok\lombok-1.18.32.jar -XX:+HeapDumpOnOutOfMemoryError -XX:HeapDumpPath=c:\Users\Cevallos\AppData\Roaming\Code\User\workspaceStorage\ec98cd21d603c8367fa994dc1a2572ba\redhat.java -Daether.dependencyCollector.impl=bf 
java_command: c:\Users\Cevallos\.vscode\extensions\redhat.java-1.30.0-win32-x64\server\plugins\org.eclipse.equinox.launcher_1.6.800.v20240330-1250.jar -configuration c:\Users\Cevallos\AppData\Roaming\Code\User\globalStorage\redhat.java\1.30.0\config_win -data c:\Users\Cevallos\AppData\Roaming\Code\User\workspaceStorage\ec98cd21d603c8367fa994dc1a2572ba\redhat.java\jdt_ws --pipe=\\.\pipe\lsp-4b4805af32ce65acf10b21c5e048930a-sock
java_class_path (initial): c:\Users\Cevallos\.vscode\extensions\redhat.java-1.30.0-win32-x64\server\plugins\org.eclipse.equinox.launcher_1.6.800.v20240330-1250.jar
Launcher Type: SUN_STANDARD

[Global flags]
    uintx AdaptiveSizePolicyWeight                 = 90                                        {product} {command line}
     intx CICompilerCount                          = 3                                         {product} {ergonomic}
    uintx GCTimeRatio                              = 4                                         {product} {command line}
     bool HeapDumpOnOutOfMemoryError               = true                                   {manageable} {command line}
    ccstr HeapDumpPath                             = c:\Users\Cevallos\AppData\Roaming\Code\User\workspaceStorage\ec98cd21d603c8367fa994dc1a2572ba\redhat.java         {manageable} {command line}
   size_t InitialHeapSize                          = 104857600                                 {product} {command line}
   size_t MaxHeapSize                              = 1073741824                                {product} {command line}
   size_t MaxNewSize                               = 357564416                                 {product} {ergonomic}
   size_t MinHeapDeltaBytes                        = 524288                                    {product} {ergonomic}
   size_t MinHeapSize                              = 104857600                                 {product} {command line}
   size_t NewSize                                  = 34603008                                  {product} {ergonomic}
    uintx NonNMethodCodeHeapSize                   = 5832780                                {pd product} {ergonomic}
    uintx NonProfiledCodeHeapSize                  = 122912730                              {pd product} {ergonomic}
   size_t OldSize                                  = 70254592                                  {product} {ergonomic}
    uintx ProfiledCodeHeapSize                     = 122912730                              {pd product} {ergonomic}
    uintx ReservedCodeCacheSize                    = 251658240                              {pd product} {ergonomic}
     bool SegmentedCodeCache                       = true                                      {product} {ergonomic}
   size_t SoftMaxHeapSize                          = 1073741824                             {manageable} {ergonomic}
     bool UseCompressedClassPointers               = true                           {product lp64_product} {ergonomic}
     bool UseCompressedOops                        = true                           {product lp64_product} {ergonomic}
     bool UseLargePagesIndividualAllocation        = false                                  {pd product} {ergonomic}
     bool UseParallelGC                            = true                                      {product} {command line}

Logging:
Log output configuration:
 #0: stdout all=off uptime,level,tags
 #1: stderr all=off uptime,level,tags

Environment Variables:
PATH=C:\Program Files\Eclipse Adoptium\jdk-21.0.3.9-hotspot\bin;C:\Program Files (x86)\Common Files\Oracle\Java\java8path;C:\Program Files (x86)\Common Files\Oracle\Java\javapath;C:\oraclexe\app\oracle\product\11.2.0\server\bin;;C:\Windows\system32;C:\Windows;C:\Windows\System32\Wbem;C:\Windows\System32\WindowsPowerShell\v1.0\;C:\Windows\System32\OpenSSH\;C:\Users\Cevallos\OneDrive - Universidad de Guayaquil\Escritorio\CÓDIGOS\PYTHON 5TO SEMESTRE\Scripts\;C:\Users\Cevallos\OneDrive - Universidad de Guayaquil\Escritorio\CÓDIGOS\PYTHON 5TO SEMESTRE\;C:\Users\Cevallos\AppData\Local\Microsoft\WindowsApps;C:\Users\Cevallos\AppData\Local\Programs\Microsoft VS Code\bin
USERNAME=Denisse
OS=Windows_NT
PROCESSOR_IDENTIFIER=Intel64 Family 6 Model 94 Stepping 3, GenuineIntel
TMP=C:\Users\Cevallos\AppData\Local\Temp
TEMP=C:\Users\Cevallos\AppData\Local\Temp



Periodic native trim disabled


---------------  S Y S T E M  ---------------

OS:
 Windows 10 , 64 bit Build 19041 (10.0.19041.3636)
OS uptime: 0 days 13:49 hours

CPU: total 4 (initial active 4) (4 cores per cpu, 1 threads per core) family 6 model 94 stepping 3 microcode 0xf0, cx8, cmov, fxsr, mmx, 3dnowpref, sse, sse2, sse3, ssse3, sse4.1, sse4.2, popcnt, lzcnt, tsc, tscinvbit, avx, avx2, aes, erms, clmul, bmi1, bmi2, rtm, adx, fma, vzeroupper, clflush, clflushopt
Processor Information for all 4 processors :
  Max Mhz: 3192, Current Mhz: 3192, Mhz Limit: 3192

Memory: 4k page, system-wide physical 8076M (2440M free)
TotalPageFile size 32652M (AvailPageFile size 0M)
current process WorkingSet (physical memory assigned to process): 15M, peak: 15M
current process commit charge ("private bytes"): 149M, peak: 150M

vm_info: OpenJDK 64-Bit Server VM (17.0.10+7) for windows-amd64 JRE (17.0.10+7), built on Jan 16 2024 23:25:11 by "admin" with MS VC++ 16.10 / 16.11 (VS2019)

END.
